[    26.399] (--) Log file renamed from "/home/user-pc/.local/share/xorg/Xorg.pid-934.log" to "/home/user-pc/.local/share/xorg/Xorg.0.log"
[    26.399] 
X.Org X Server 1.19.6
Release Date: 2017-12-20
[    26.399] X Protocol Version 11, Revision 0
[    26.399] Build Operating System: Linux 4.4.0-138-generic x86_64 Ubuntu
[    26.399] Current Operating System: Linux userpc-HP-EliteBook-8460p 4.15.0-29-generic #31-Ubuntu SMP Tue Jul 17 15:39:52 UTC 2018 x86_64
[    26.399] Kernel command line: BOOT_IMAGE=/boot/vmlinuz-4.15.0-29-generic root=UUID=8375339c-f89a-4b7a-a61d-6d084c595028 ro quiet splash vt.handoff=1
[    26.399] Build Date: 25 October 2018  04:11:27PM
[    26.399] xorg-server 2:1.19.6-1ubuntu4.2 (For technical support please see http://www.ubuntu.com/support) 
[    26.399] Current version of pixman: 0.34.0
[    26.399] 	Before reporting problems, check http://wiki.x.org
	to make sure that you have the latest version.
[    26.399] Markers: (--) probed, (**) from config file, (==) default setting,
	(++) from command line, (!!) notice, (II) informational,
	(WW) warning, (EE) error, (NI) not implemented, (??) unknown.
[    26.399] (==) Log file: "/home/user-pc/.local/share/xorg/Xorg.0.log", Time: Sat Feb  2 13:17:33 2019
[    26.413] (==) Using system config directory "/usr/share/X11/xorg.conf.d"
[    26.414] (==) No Layout section.  Using the first Screen section.
[    26.414] (==) No screen section available. Using defaults.
[    26.414] (**) |-->Screen "Default Screen Section" (0)
[    26.414] (**) |   |-->Monitor "<default monitor>"
[    26.414] (==) No monitor specified for screen "Default Screen Section".
	Using a default monitor configuration.
[    26.414] (==) Automatically adding devices
[    26.414] (==) Automatically enabling devices
[    26.414] (==) Automatically adding GPU devices
[    26.414] (==) Automatically binding GPU devices
[    26.414] (==) Max clients allowed: 256, resource mask: 0x1fffff
[    26.414] (WW) The directory "/usr/share/fonts/X11/cyrillic" does not exist.
[    26.414] 	Entry deleted from font path.
[    26.414] (WW) The directory "/usr/share/fonts/X11/100dpi/" does not exist.
[    26.414] 	Entry deleted from font path.
[    26.414] (WW) The directory "/usr/share/fonts/X11/75dpi/" does not exist.
[    26.414] 	Entry deleted from font path.
[    26.414] (WW) The directory "/usr/share/fonts/X11/100dpi" does not exist.
[    26.414] 	Entry deleted from font path.
[    26.414] (WW) The directory "/usr/share/fonts/X11/75dpi" does not exist.
[    26.414] 	Entry deleted from font path.
[    26.414] (==) FontPath set to:
	/usr/share/fonts/X11/misc,
	/usr/share/fonts/X11/Type1,
	built-ins
[    26.414] (==) ModulePath set to "/usr/lib/xorg/modules"
[    26.414] (II) The server relies on udev to provide the list of input devices.
	If no devices become available, reconfigure udev or disable AutoAddDevices.
[    26.414] (II) Loader magic: 0x565063ce9020
[    26.414] (II) Module ABI versions:
[    26.414] 	X.Org ANSI C Emulation: 0.4
[    26.414] 	X.Org Video Driver: 23.0
[    26.414] 	X.Org XInput driver : 24.1
[    26.414] 	X.Org Server Extension : 10.0
[    26.415] (++) using VT number 1

[    26.416] (II) systemd-logind: took control of session /org/freedesktop/login1/session/_31
[    26.417] (II) xfree86: Adding drm device (/dev/dri/card0)
[    26.417] (II) systemd-logind: got fd for /dev/dri/card0 226:0 fd 12 paused 0
[    26.420] (--) PCI:*(0:0:2:0) 8086:0126:103c:161c rev 9, Mem @ 0xd4000000/4194304, 0xc0000000/268435456, I/O @ 0x00004000/64, BIOS @ 0x????????/131072
[    26.420] (II) LoadModule: "glx"
[    26.420] (II) Loading /usr/lib/xorg/modules/extensions/libglx.so
[    26.552] (II) Module glx: vendor="X.Org Foundation"
[    26.552] 	compiled for 1.19.6, module version = 1.0.0
[    26.552] 	ABI class: X.Org Server Extension, version 10.0
[    26.552] (==) Matched modesetting as autoconfigured driver 0
[    26.552] (==) Matched fbdev as autoconfigured driver 1
[    26.552] (==) Matched vesa as autoconfigured driver 2
[    26.552] (==) Assigned the driver to the xf86ConfigLayout
[    26.552] (II) LoadModule: "modesetting"
[    26.552] (II) Loading /usr/lib/xorg/modules/drivers/modesetting_drv.so
[    26.552] (II) Module modesetting: vendor="X.Org Foundation"
[    26.552] 	compiled for 1.19.6, module version = 1.19.6
[    26.552] 	Module class: X.Org Video Driver
[    26.552] 	ABI class: X.Org Video Driver, version 23.0
[    26.552] (II) LoadModule: "fbdev"
[    26.552] (II) Loading /usr/lib/xorg/modules/drivers/fbdev_drv.so
[    26.552] (II) Module fbdev: vendor="X.Org Foundation"
[    26.552] 	compiled for 1.19.3, module version = 0.4.4
[    26.552] 	Module class: X.Org Video Driver
[    26.553] 	ABI class: X.Org Video Driver, version 23.0
[    26.553] (II) LoadModule: "vesa"
[    26.553] (II) Loading /usr/lib/xorg/modules/drivers/vesa_drv.so
[    26.553] (II) Module vesa: vendor="X.Org Foundation"
[    26.553] 	compiled for 1.19.3, module version = 2.3.4
[    26.553] 	Module class: X.Org Video Driver
[    26.553] 	ABI class: X.Org Video Driver, version 23.0
[    26.553] (II) modesetting: Driver for Modesetting Kernel Drivers: kms
[    26.553] (II) FBDEV: driver for framebuffer: fbdev
[    26.553] (II) VESA: driver for VESA chipsets: vesa
[    26.553] xf86EnableIOPorts: failed to set IOPL for I/O (Operation not permitted)
[    26.553] (II) modeset(0): using drv /dev/dri/card0
[    26.553] (WW) Falling back to old probe method for fbdev
[    26.553] (II) Loading sub module "fbdevhw"
[    26.553] (II) LoadModule: "fbdevhw"
[    26.553] (II) Loading /usr/lib/xorg/modules/libfbdevhw.so
[    26.553] (II) Module fbdevhw: vendor="X.Org Foundation"
[    26.553] 	compiled for 1.19.6, module version = 0.0.2
[    26.553] 	ABI class: X.Org Video Driver, version 23.0
[    26.553] (EE) open /dev/fb0: Permission denied
[    26.553] (WW) Falling back to old probe method for vesa
[    26.553] (WW) VGA arbiter: cannot open kernel arbiter, no multi-card support
[    26.553] (II) modeset(0): Creating default Display subsection in Screen section
	"Default Screen Section" for depth/fbbpp 24/32
[    26.553] (==) modeset(0): Depth 24, (==) framebuffer bpp 32
[    26.553] (==) modeset(0): RGB weight 888
[    26.553] (==) modeset(0): Default visual is TrueColor
[    26.553] (II) Loading sub module "glamoregl"
[    26.553] (II) LoadModule: "glamoregl"
[    26.553] (II) Loading /usr/lib/xorg/modules/libglamoregl.so
[    26.638] (II) Module glamoregl: vendor="X.Org Foundation"
[    26.638] 	compiled for 1.19.6, module version = 1.0.0
[    26.638] 	ABI class: X.Org ANSI C Emulation, version 0.4
[    26.638] (II) glamor: OpenGL accelerated X.org driver based.
[    26.870] (II) glamor: EGL version 1.4 (DRI2):
[    26.890] (II) modeset(0): glamor initialized
[    26.890] (II) modeset(0): Output LVDS-1 has no monitor section
[    26.894] (II) modeset(0): Output VGA-1 has no monitor section
[    26.902] (II) modeset(0): Output HDMI-1 has no monitor section
[    26.902] (II) modeset(0): Output DP-1 has no monitor section
[    26.910] (II) modeset(0): Output HDMI-2 has no monitor section
[    26.918] (II) modeset(0): Output HDMI-3 has no monitor section
[    26.918] (II) modeset(0): Output DP-2 has no monitor section
[    26.918] (II) modeset(0): Output DP-3 has no monitor section
[    26.918] (II) modeset(0): EDID for output LVDS-1
[    26.918] (II) modeset(0): Manufacturer: CMO  Model: 1467  Serial#: 0
[    26.918] (II) modeset(0): Year: 2010  Week: 38
[    26.918] (II) modeset(0): EDID Version: 1.4
[    26.918] (II) modeset(0): Digital Display Input
[    26.918] (II) modeset(0): 6 bits per channel
[    26.918] (II) modeset(0): Digital interface is undefined
[    26.918] (II) modeset(0): Max Image Size [cm]: horiz.: 31  vert.: 18
[    26.918] (II) modeset(0): Gamma: 2.20
[    26.918] (II) modeset(0): No DPMS capabilities specified
[    26.918] (II) modeset(0): Supported color encodings: RGB 4:4:4 YCrCb 4:4:4 
[    26.918] (II) modeset(0): First detailed timing is preferred mode
[    26.918] (II) modeset(0): Preferred mode is native pixel format and refresh rate
[    26.918] (II) modeset(0): redX: 0.586 redY: 0.355   greenX: 0.317 greenY: 0.563
[    26.918] (II) modeset(0): blueX: 0.160 blueY: 0.144   whiteX: 0.313 whiteY: 0.329
[    26.918] (II) modeset(0): Manufacturer's mask: 0
[    26.918] (II) modeset(0): Supported detailed timing:
[    26.918] (II) modeset(0): clock: 69.3 MHz   Image Size:  309 x 174 mm
[    26.918] (II) modeset(0): h_active: 1366  h_sync: 1414  h_sync_end 1446 h_blank_end 1466 h_border: 0
[    26.918] (II) modeset(0): v_active: 768  v_sync: 769  v_sync_end 773 v_blanking: 788 v_border: 0
[    26.918] (II) modeset(0): Supported detailed timing:
[    26.918] (II) modeset(0): clock: 46.2 MHz   Image Size:  309 x 174 mm
[    26.918] (II) modeset(0): h_active: 1366  h_sync: 1414  h_sync_end 1446 h_blank_end 1466 h_border: 0
[    26.918] (II) modeset(0): v_active: 768  v_sync: 769  v_sync_end 773 v_blanking: 788 v_border: 0
[    26.918] (II) modeset(0): Unknown vendor-specific block 2
[    26.918] (II) modeset(0): EDID (in hex):
[    26.919] (II) modeset(0): 	00ffffffffffff000daf671400000000
[    26.919] (II) modeset(0): 	26140104901f12780a0535965b519029
[    26.919] (II) modeset(0): 	24505400000001010101010101010101
[    26.919] (II) modeset(0): 	010101010101121b5664500014303020
[    26.919] (II) modeset(0): 	140035ae1000001a0d12566450001430
[    26.919] (II) modeset(0): 	3020140035ae1000001a000000000000
[    26.919] (II) modeset(0): 	00000000000000000000000000000002
[    26.919] (II) modeset(0): 	000c47ed0a3c6411121e6b00000000de
[    26.919] (II) modeset(0): Printing probed modes for output LVDS-1
[    26.919] (II) modeset(0): Modeline "1366x768"x60.0   69.30  1366 1414 1446 1466  768 769 773 788 +hsync -vsync (47.3 kHz eP)
[    26.919] (II) modeset(0): Modeline "1366x768"x40.0   46.21  1366 1414 1446 1466  768 769 773 788 +hsync -vsync (31.5 kHz e)
[    26.919] (II) modeset(0): Modeline "1360x768"x59.8   84.75  1360 1432 1568 1776  768 771 781 798 -hsync +vsync (47.7 kHz d)
[    26.919] (II) modeset(0): Modeline "1360x768"x60.0   72.00  1360 1408 1440 1520  768 771 781 790 +hsync -vsync (47.4 kHz d)
[    26.919] (II) modeset(0): Modeline "1280x720"x120.0  156.12  1280 1376 1512 1744  720 721 724 746 doublescan -hsync +vsync (89.5 kHz d)
[    26.919] (II) modeset(0): Modeline "1280x720"x120.0  120.75  1280 1304 1320 1360  720 721 724 740 doublescan +hsync -vsync (88.8 kHz d)
[    26.919] (II) modeset(0): Modeline "1280x720"x59.9   74.50  1280 1344 1472 1664  720 723 728 748 -hsync +vsync (44.8 kHz d)
[    26.919] (II) modeset(0): Modeline "1280x720"x59.7   63.75  1280 1328 1360 1440  720 723 728 741 +hsync -vsync (44.3 kHz d)
[    26.919] (II) modeset(0): Modeline "1024x768"x120.1  133.47  1024 1100 1212 1400  768 768 770 794 doublescan -hsync +vsync (95.3 kHz d)
[    26.919] (II) modeset(0): Modeline "1024x768"x60.0   65.00  1024 1048 1184 1344  768 771 777 806 -hsync -vsync (48.4 kHz d)
[    26.919] (II) modeset(0): Modeline "960x720"x120.0  117.00  960 1024 1128 1300  720 720 722 750 doublescan -hsync +vsync (90.0 kHz d)
[    26.919] (II) modeset(0): Modeline "928x696"x120.1  109.15  928 976 1088 1264  696 696 698 719 doublescan -hsync +vsync (86.4 kHz d)
[    26.919] (II) modeset(0): Modeline "896x672"x120.0  102.40  896 960 1060 1224  672 672 674 697 doublescan -hsync +vsync (83.7 kHz d)
[    26.919] (II) modeset(0): Modeline "1024x576"x119.9   98.50  1024 1092 1200 1376  576 577 580 597 doublescan -hsync +vsync (71.6 kHz d)
[    26.919] (II) modeset(0): Modeline "1024x576"x119.9   78.38  1024 1048 1064 1104  576 577 580 592 doublescan +hsync -vsync (71.0 kHz d)
[    26.919] (II) modeset(0): Modeline "1024x576"x59.9   46.50  1024 1064 1160 1296  576 579 584 599 -hsync +vsync (35.9 kHz d)
[    26.919] (II) modeset(0): Modeline "1024x576"x59.8   42.00  1024 1072 1104 1184  576 579 584 593 +hsync -vsync (35.5 kHz d)
[    26.919] (II) modeset(0): Modeline "960x600"x119.9   96.62  960 1028 1128 1296  600 601 604 622 doublescan -hsync +vsync (74.6 kHz d)
[    26.919] (II) modeset(0): Modeline "960x600"x120.0   77.00  960 984 1000 1040  600 601 604 617 doublescan +hsync -vsync (74.0 kHz d)
[    26.919] (II) modeset(0): Modeline "960x540"x119.9   86.50  960 1024 1124 1288  540 541 544 560 doublescan -hsync +vsync (67.2 kHz d)
[    26.919] (II) modeset(0): Modeline "960x540"x120.0   69.25  960 984 1000 1040  540 541 544 555 doublescan +hsync -vsync (66.6 kHz d)
[    26.919] (II) modeset(0): Modeline "960x540"x59.6   40.75  960 992 1088 1216  540 543 548 562 -hsync +vsync (33.5 kHz d)
[    26.919] (II) modeset(0): Modeline "960x540"x59.8   37.25  960 1008 1040 1120  540 543 548 556 +hsync -vsync (33.3 kHz d)
[    26.919] (II) modeset(0): Modeline "800x600"x120.0   81.00  800 832 928 1080  600 600 602 625 doublescan +hsync +vsync (75.0 kHz d)
[    26.919] (II) modeset(0): Modeline "800x600"x60.3   40.00  800 840 968 1056  600 601 605 628 +hsync +vsync (37.9 kHz d)
[    26.919] (II) modeset(0): Modeline "800x600"x56.2   36.00  800 824 896 1024  600 601 603 625 +hsync +vsync (35.2 kHz d)
[    26.919] (II) modeset(0): Modeline "840x525"x120.0   73.12  840 892 980 1120  525 526 529 544 doublescan -hsync +vsync (65.3 kHz d)
[    26.919] (II) modeset(0): Modeline "840x525"x119.8   59.50  840 864 880 920  525 526 529 540 doublescan +hsync -vsync (64.7 kHz d)
[    26.919] (II) modeset(0): Modeline "864x486"x59.9   32.50  864 888 968 1072  486 489 494 506 -hsync +vsync (30.3 kHz d)
[    26.919] (II) modeset(0): Modeline "864x486"x59.6   30.50  864 912 944 1024  486 489 494 500 +hsync -vsync (29.8 kHz d)
[    26.919] (II) modeset(0): Modeline "800x512"x120.3   51.56  800 800 828 832  512 512 514 515 doublescan +hsync +vsync (62.0 kHz d)
[    26.919] (II) modeset(0): Modeline "700x525"x120.0   61.00  700 744 820 940  525 526 532 541 doublescan +hsync +vsync (64.9 kHz d)
[    26.919] (II) modeset(0): Modeline "800x450"x119.9   59.12  800 848 928 1056  450 451 454 467 doublescan -hsync +vsync (56.0 kHz d)
[    26.919] (II) modeset(0): Modeline "800x450"x119.6   48.75  800 824 840 880  450 451 454 463 doublescan +hsync -vsync (55.4 kHz d)
[    26.919] (II) modeset(0): Modeline "640x512"x120.0   54.00  640 664 720 844  512 512 514 533 doublescan +hsync +vsync (64.0 kHz d)
[    26.919] (II) modeset(0): Modeline "720x450"x119.8   53.25  720 760 836 952  450 451 454 467 doublescan -hsync +vsync (55.9 kHz d)
[    26.920] (II) modeset(0): Modeline "700x450"x119.9   51.75  700 740 812 924  450 451 456 467 doublescan -hsync +vsync (56.0 kHz d)
[    26.920] (II) modeset(0): Modeline "700x450"x119.8   43.25  700 724 740 780  450 451 456 463 doublescan +hsync -vsync (55.4 kHz d)
[    26.920] (II) modeset(0): Modeline "640x480"x120.0   54.00  640 688 744 900  480 480 482 500 doublescan +hsync +vsync (60.0 kHz d)
[    26.920] (II) modeset(0): Modeline "640x480"x59.9   25.18  640 656 752 800  480 490 492 525 -hsync -vsync (31.5 kHz d)
[    26.920] (II) modeset(0): Modeline "720x405"x59.5   22.50  720 744 808 896  405 408 413 422 -hsync +vsync (25.1 kHz d)
[    26.920] (II) modeset(0): Modeline "720x405"x59.0   21.75  720 768 800 880  405 408 413 419 +hsync -vsync (24.7 kHz d)
[    26.920] (II) modeset(0): Modeline "684x384"x119.8   42.62  684 720 788 892  384 385 390 399 doublescan -hsync +vsync (47.8 kHz d)
[    26.920] (II) modeset(0): Modeline "684x384"x119.7   36.12  684 708 724 764  384 385 390 395 doublescan +hsync -vsync (47.3 kHz d)
[    26.920] (II) modeset(0): Modeline "680x384"x119.6   42.38  680 716 784 888  384 385 390 399 doublescan -hsync +vsync (47.7 kHz d)
[    26.920] (II) modeset(0): Modeline "680x384"x119.9   36.00  680 704 720 760  384 385 390 395 doublescan +hsync -vsync (47.4 kHz d)
[    26.920] (II) modeset(0): Modeline "640x400"x119.8   41.75  640 676 740 840  400 401 404 415 doublescan -hsync +vsync (49.7 kHz d)
[    26.920] (II) modeset(0): Modeline "640x400"x120.0   35.50  640 664 680 720  400 401 404 411 doublescan +hsync -vsync (49.3 kHz d)
[    26.920] (II) modeset(0): Modeline "576x432"x120.1   40.81  576 608 668 760  432 432 434 447 doublescan -hsync +vsync (53.7 kHz d)
[    26.920] (II) modeset(0): Modeline "640x360"x119.7   37.25  640 672 736 832  360 361 364 374 doublescan -hsync +vsync (44.8 kHz d)
[    26.920] (II) modeset(0): Modeline "640x360"x119.7   31.88  640 664 680 720  360 361 364 370 doublescan +hsync -vsync (44.3 kHz d)
[    26.920] (II) modeset(0): Modeline "640x360"x59.8   18.00  640 664 720 800  360 363 368 376 -hsync +vsync (22.5 kHz d)
[    26.920] (II) modeset(0): Modeline "640x360"x59.3   17.75  640 688 720 800  360 363 368 374 +hsync -vsync (22.2 kHz d)
[    26.920] (II) modeset(0): Modeline "512x384"x120.0   32.50  512 524 592 672  384 385 388 403 doublescan -hsync -vsync (48.4 kHz d)
[    26.920] (II) modeset(0): Modeline "512x288"x120.0   23.25  512 532 580 648  288 289 292 299 doublescan -hsync +vsync (35.9 kHz d)
[    26.920] (II) modeset(0): Modeline "512x288"x119.8   21.00  512 536 552 592  288 289 292 296 doublescan +hsync -vsync (35.5 kHz d)
[    26.920] (II) modeset(0): Modeline "480x270"x119.3   20.38  480 496 544 608  270 271 274 281 doublescan -hsync +vsync (33.5 kHz d)
[    26.920] (II) modeset(0): Modeline "480x270"x119.6   18.62  480 504 520 560  270 271 274 278 doublescan +hsync -vsync (33.3 kHz d)
[    26.920] (II) modeset(0): Modeline "400x300"x120.6   20.00  400 420 484 528  300 300 302 314 doublescan +hsync +vsync (37.9 kHz d)
[    26.920] (II) modeset(0): Modeline "400x300"x112.7   18.00  400 412 448 512  300 300 301 312 doublescan +hsync +vsync (35.2 kHz d)
[    26.920] (II) modeset(0): Modeline "432x243"x119.8   16.25  432 444 484 536  243 244 247 253 doublescan -hsync +vsync (30.3 kHz d)
[    26.920] (II) modeset(0): Modeline "432x243"x119.1   15.25  432 456 472 512  243 244 247 250 doublescan +hsync -vsync (29.8 kHz d)
[    26.920] (II) modeset(0): Modeline "320x240"x120.1   12.59  320 328 376 400  240 245 246 262 doublescan -hsync -vsync (31.5 kHz d)
[    26.920] (II) modeset(0): Modeline "360x202"x119.0   11.25  360 372 404 448  202 204 206 211 doublescan -hsync +vsync (25.1 kHz d)
[    26.920] (II) modeset(0): Modeline "360x202"x118.3   10.88  360 384 400 440  202 204 206 209 doublescan +hsync -vsync (24.7 kHz d)
[    26.920] (II) modeset(0): Modeline "320x180"x119.7    9.00  320 332 360 400  180 181 184 188 doublescan -hsync +vsync (22.5 kHz d)
[    26.920] (II) modeset(0): Modeline "320x180"x118.6    8.88  320 344 360 400  180 181 184 187 doublescan +hsync -vsync (22.2 kHz d)
[    26.925] (II) modeset(0): EDID for output VGA-1
[    26.933] (II) modeset(0): EDID for output HDMI-1
[    26.934] (II) modeset(0): EDID for output DP-1
[    26.942] (II) modeset(0): EDID for output HDMI-2
[    26.952] (II) modeset(0): EDID for output HDMI-3
[    26.952] (II) modeset(0): EDID for output DP-2
[    26.952] (II) modeset(0): EDID for output DP-3
[    26.952] (II) modeset(0): Output LVDS-1 connected
[    26.952] (II) modeset(0): Output VGA-1 disconnected
[    26.952] (II) modeset(0): Output HDMI-1 disconnected
[    26.952] (II) modeset(0): Output DP-1 disconnected
[    26.952] (II) modeset(0): Output HDMI-2 disconnected
[    26.952] (II) modeset(0): Output HDMI-3 disconnected
[    26.952] (II) modeset(0): Output DP-2 disconnected
[    26.952] (II) modeset(0): Output DP-3 disconnected
[    26.952] (II) modeset(0): Using exact sizes for initial modes
[    26.952] (II) modeset(0): Output LVDS-1 using initial mode 1366x768 +0+0
[    26.952] (==) modeset(0): Using gamma correction (1.0, 1.0, 1.0)
[    26.952] (==) modeset(0): DPI set to (96, 96)
[    26.952] (II) Loading sub module "fb"
[    26.952] (II) LoadModule: "fb"
[    26.952] (II) Loading /usr/lib/xorg/modules/libfb.so
[    26.952] (II) Module fb: vendor="X.Org Foundation"
[    26.952] 	compiled for 1.19.6, module version = 1.0.0
[    26.952] 	ABI class: X.Org ANSI C Emulation, version 0.4
[    26.952] (II) UnloadModule: "fbdev"
[    26.952] (II) Unloading fbdev
[    26.953] (II) UnloadSubModule: "fbdevhw"
[    26.953] (II) Unloading fbdevhw
[    26.953] (II) UnloadModule: "vesa"
[    26.953] (II) Unloading vesa
[    26.953] (==) Depth 24 pixmap format is 32 bpp
[    26.986] (==) modeset(0): Backing store enabled
[    26.986] (==) modeset(0): Silken mouse enabled
[    26.986] (II) modeset(0): RandR 1.2 enabled, ignore the following RandR disabled message.
[    27.015] (==) modeset(0): DPMS enabled
[    27.015] (II) modeset(0): [DRI2] Setup complete
[    27.015] (II) modeset(0): [DRI2]   DRI driver: i965
[    27.015] (II) modeset(0): [DRI2]   VDPAU driver: i965
[    27.015] (--) RandR disabled
[    27.030] (II) SELinux: Disabled on system
[    27.039] (II) AIGLX: enabled GLX_MESA_copy_sub_buffer
[    27.039] (II) AIGLX: enabled GLX_ARB_create_context
[    27.039] (II) AIGLX: enabled GLX_ARB_create_context_profile
[    27.039] (II) AIGLX: enabled GLX_EXT_create_context_es{,2}_profile
[    27.039] (II) AIGLX: enabled GLX_INTEL_swap_event
[    27.039] (II) AIGLX: enabled GLX_SGI_swap_control
[    27.039] (II) AIGLX: enabled GLX_EXT_framebuffer_sRGB
[    27.039] (II) AIGLX: enabled GLX_ARB_fbconfig_float
[    27.039] (II) AIGLX: enabled GLX_EXT_fbconfig_packed_float
[    27.039] (II) AIGLX: GLX_EXT_texture_from_pixmap backed by buffer objects
[    27.039] (II) AIGLX: enabled GLX_ARB_create_context_robustness
[    27.040] (II) AIGLX: Loaded and initialized i965
[    27.040] (II) GLX: Initialized DRI2 GL provider for screen 0
[    27.045] (II) modeset(0): Damage tracking initialized
[    27.045] (II) modeset(0): Setting screen physical size to 361 x 203
[    27.139] (II) config/udev: Adding input device Power Button (/dev/input/event2)
[    27.139] (**) Power Button: Applying InputClass "libinput keyboard catchall"
[    27.139] (II) LoadModule: "libinput"
[    27.139] (II) Loading /usr/lib/xorg/modules/input/libinput_drv.so
[    27.161] (II) Module libinput: vendor="X.Org Foundation"
[    27.161] 	compiled for 1.19.6, module version = 0.27.1
[    27.161] 	Module class: X.Org XInput Driver
[    27.161] 	ABI class: X.Org XInput driver, version 24.1
[    27.161] (II) Using input driver 'libinput' for 'Power Button'
[    27.162] (II) systemd-logind: got fd for /dev/input/event2 13:66 fd 21 paused 0
[    27.162] (**) Power Button: always reports core events
[    27.162] (**) Option "Device" "/dev/input/event2"
[    27.162] (**) Option "_source" "server/udev"
[    27.163] (II) event2  - Power Button: is tagged by udev as: Keyboard
[    27.163] (II) event2  - Power Button: device is a keyboard
[    27.163] (II) event2  - Power Button: device removed
[    27.163] (**) Option "config_info" "udev:/sys/devices/LNXSYSTM:00/LNXPWRBN:00/input/input2/event2"
[    27.163] (II) XINPUT: Adding extended input device "Power Button" (type: KEYBOARD, id 6)
[    27.163] (**) Option "xkb_model" "pc105"
[    27.163] (**) Option "xkb_layout" "us"
[    27.164] (II) event2  - Power Button: is tagged by udev as: Keyboard
[    27.164] (II) event2  - Power Button: device is a keyboard
[    27.164] (II) config/udev: Adding input device Video Bus (/dev/input/event4)
[    27.164] (**) Video Bus: Applying InputClass "libinput keyboard catchall"
[    27.164] (II) Using input driver 'libinput' for 'Video Bus'
[    27.165] (II) systemd-logind: got fd for /dev/input/event4 13:68 fd 24 paused 0
[    27.165] (**) Video Bus: always reports core events
[    27.165] (**) Option "Device" "/dev/input/event4"
[    27.165] (**) Option "_source" "server/udev"
[    27.165] (II) event4  - Video Bus: is tagged by udev as: Keyboard
[    27.165] (II) event4  - Video Bus: device is a keyboard
[    27.166] (II) event4  - Video Bus: device removed
[    27.166] (**) Option "config_info" "udev:/sys/devices/LNXSYSTM:00/LNXSYBUS:00/PNP0A08:00/LNXVIDEO:01/input/input9/event4"
[    27.166] (II) XINPUT: Adding extended input device "Video Bus" (type: KEYBOARD, id 7)
[    27.166] (**) Option "xkb_model" "pc105"
[    27.166] (**) Option "xkb_layout" "us"
[    27.166] (II) event4  - Video Bus: is tagged by udev as: Keyboard
[    27.166] (II) event4  - Video Bus: device is a keyboard
[    27.166] (II) config/udev: Adding input device Lid Switch (/dev/input/event1)
[    27.166] (II) No input driver specified, ignoring this device.
[    27.166] (II) This device may have been added with another device file.
[    27.167] (II) config/udev: Adding input device Sleep Button (/dev/input/event0)
[    27.167] (**) Sleep Button: Applying InputClass "libinput keyboard catchall"
[    27.167] (II) Using input driver 'libinput' for 'Sleep Button'
[    27.168] (II) systemd-logind: got fd for /dev/input/event0 13:64 fd 25 paused 0
[    27.168] (**) Sleep Button: always reports core events
[    27.168] (**) Option "Device" "/dev/input/event0"
[    27.168] (**) Option "_source" "server/udev"
[    27.169] (II) event0  - Sleep Button: is tagged by udev as: Keyboard
[    27.169] (II) event0  - Sleep Button: device is a keyboard
[    27.169] (II) event0  - Sleep Button: device removed
[    27.169] (**) Option "config_info" "udev:/sys/devices/LNXSYSTM:00/LNXSYBUS:00/PNP0C0E:00/input/input0/event0"
[    27.169] (II) XINPUT: Adding extended input device "Sleep Button" (type: KEYBOARD, id 8)
[    27.169] (**) Option "xkb_model" "pc105"
[    27.169] (**) Option "xkb_layout" "us"
[    27.169] (II) event0  - Sleep Button: is tagged by udev as: Keyboard
[    27.169] (II) event0  - Sleep Button: device is a keyboard
[    27.170] (II) config/udev: Adding input device HDA Intel PCH Mic (/dev/input/event9)
[    27.170] (II) No input driver specified, ignoring this device.
[    27.170] (II) This device may have been added with another device file.
[    27.170] (II) config/udev: Adding input device HDA Intel PCH Line (/dev/input/event10)
[    27.170] (II) No input driver specified, ignoring this device.
[    27.170] (II) This device may have been added with another device file.
[    27.171] (II) config/udev: Adding input device HDA Intel PCH Dock Line Out (/dev/input/event11)
[    27.171] (II) No input driver specified, ignoring this device.
[    27.171] (II) This device may have been added with another device file.
[    27.171] (II) config/udev: Adding input device HDA Intel PCH Headphone (/dev/input/event12)
[    27.171] (II) No input driver specified, ignoring this device.
[    27.171] (II) This device may have been added with another device file.
[    27.171] (II) config/udev: Adding input device HDA Intel PCH HDMI/DP,pcm=3 (/dev/input/event13)
[    27.171] (II) No input driver specified, ignoring this device.
[    27.171] (II) This device may have been added with another device file.
[    27.172] (II) config/udev: Adding input device HDA Intel PCH HDMI/DP,pcm=7 (/dev/input/event14)
[    27.172] (II) No input driver specified, ignoring this device.
[    27.172] (II) This device may have been added with another device file.
[    27.172] (II) config/udev: Adding input device HDA Intel PCH HDMI/DP,pcm=8 (/dev/input/event15)
[    27.172] (II) No input driver specified, ignoring this device.
[    27.172] (II) This device may have been added with another device file.
[    27.173] (II) config/udev: Adding input device HP HD Webcam [Fixed]: HP HD Web (/dev/input/event16)
[    27.173] (**) HP HD Webcam [Fixed]: HP HD Web: Applying InputClass "libinput keyboard catchall"
[    27.173] (II) Using input driver 'libinput' for 'HP HD Webcam [Fixed]: HP HD Web'
[    27.173] (II) systemd-logind: got fd for /dev/input/event16 13:80 fd 26 paused 0
[    27.173] (**) HP HD Webcam [Fixed]: HP HD Web: always reports core events
[    27.173] (**) Option "Device" "/dev/input/event16"
[    27.173] (**) Option "_source" "server/udev"
[    27.174] (II) event16 - HP HD Webcam [Fixed]: HP HD Web: is tagged by udev as: Keyboard
[    27.174] (II) event16 - HP HD Webcam [Fixed]: HP HD Web: device is a keyboard
[    27.174] (II) event16 - HP HD Webcam [Fixed]: HP HD Web: device removed
[    27.174] (**) Option "config_info" "udev:/sys/devices/pci0000:00/0000:00:1d.0/usb2/2-1/2-1.4/2-1.4:1.0/input/input22/event16"
[    27.174] (II) XINPUT: Adding extended input device "HP HD Webcam [Fixed]: HP HD Web" (type: KEYBOARD, id 9)
[    27.174] (**) Option "xkb_model" "pc105"
[    27.174] (**) Option "xkb_layout" "us"
[    27.175] (II) event16 - HP HD Webcam [Fixed]: HP HD Web: is tagged by udev as: Keyboard
[    27.175] (II) event16 - HP HD Webcam [Fixed]: HP HD Web: device is a keyboard
[    27.175] (II) config/udev: Adding input device AT Translated Set 2 keyboard (/dev/input/event3)
[    27.175] (**) AT Translated Set 2 keyboard: Applying InputClass "libinput keyboard catchall"
[    27.175] (II) Using input driver 'libinput' for 'AT Translated Set 2 keyboard'
[    27.176] (II) systemd-logind: got fd for /dev/input/event3 13:67 fd 27 paused 0
[    27.176] (**) AT Translated Set 2 keyboard: always reports core events
[    27.176] (**) Option "Device" "/dev/input/event3"
[    27.176] (**) Option "_source" "server/udev"
[    27.177] (II) event3  - AT Translated Set 2 keyboard: is tagged by udev as: Keyboard
[    27.177] (II) event3  - AT Translated Set 2 keyboard: device is a keyboard
[    27.177] (II) event3  - AT Translated Set 2 keyboard: device removed
[    27.177] (**) Option "config_info" "udev:/sys/devices/platform/i8042/serio0/input/input3/event3"
[    27.177] (II) XINPUT: Adding extended input device "AT Translated Set 2 keyboard" (type: KEYBOARD, id 10)
[    27.177] (**) Option "xkb_model" "pc105"
[    27.177] (**) Option "xkb_layout" "us"
[    27.177] (II) event3  - AT Translated Set 2 keyboard: is tagged by udev as: Keyboard
[    27.177] (II) event3  - AT Translated Set 2 keyboard: device is a keyboard
[    27.178] (II) config/udev: Adding input device PS/2 Generic Mouse (/dev/input/event5)
[    27.178] (**) PS/2 Generic Mouse: Applying InputClass "libinput pointer catchall"
[    27.178] (II) Using input driver 'libinput' for 'PS/2 Generic Mouse'
[    27.179] (II) systemd-logind: got fd for /dev/input/event5 13:69 fd 28 paused 0
[    27.179] (**) PS/2 Generic Mouse: always reports core events
[    27.179] (**) Option "Device" "/dev/input/event5"
[    27.179] (**) Option "_source" "server/udev"
[    27.179] (II) event5  - PS/2 Generic Mouse: is tagged by udev as: Mouse
[    27.179] (II) event5  - PS/2 Generic Mouse: device is a pointer
[    27.179] (II) event5  - PS/2 Generic Mouse: device removed
[    27.179] (**) Option "config_info" "udev:/sys/devices/platform/i8042/serio1/input/input8/event5"
[    27.179] (II) XINPUT: Adding extended input device "PS/2 Generic Mouse" (type: MOUSE, id 11)
[    27.180] (**) Option "AccelerationScheme" "none"
[    27.180] (**) PS/2 Generic Mouse: (accel) selected scheme none/0
[    27.180] (**) PS/2 Generic Mouse: (accel) acceleration factor: 2.000
[    27.180] (**) PS/2 Generic Mouse: (accel) acceleration threshold: 4
[    27.180] (II) event5  - PS/2 Generic Mouse: is tagged by udev as: Mouse
[    27.180] (II) event5  - PS/2 Generic Mouse: device is a pointer
[    27.181] (II) config/udev: Adding input device PS/2 Generic Mouse (/dev/input/mouse0)
[    27.181] (II) No input driver specified, ignoring this device.
[    27.181] (II) This device may have been added with another device file.
[    27.181] (II) config/udev: Adding input device SynPS/2 Synaptics TouchPad (/dev/input/event6)
[    27.181] (**) SynPS/2 Synaptics TouchPad: Applying InputClass "libinput touchpad catchall"
[    27.181] (II) Using input driver 'libinput' for 'SynPS/2 Synaptics TouchPad'
[    27.182] (II) systemd-logind: got fd for /dev/input/event6 13:70 fd 29 paused 0
[    27.182] (**) SynPS/2 Synaptics TouchPad: always reports core events
[    27.182] (**) Option "Device" "/dev/input/event6"
[    27.182] (**) Option "_source" "server/udev"
[    27.182] (II) event6  - SynPS/2 Synaptics TouchPad: is tagged by udev as: Touchpad
[    27.182] (II) event6  - SynPS/2 Synaptics TouchPad: device is a touchpad
[    27.182] (II) event6  - SynPS/2 Synaptics TouchPad: device removed
[    27.182] (**) Option "config_info" "udev:/sys/devices/platform/i8042/serio4/input/input12/event6"
[    27.182] (II) XINPUT: Adding extended input device "SynPS/2 Synaptics TouchPad" (type: TOUCHPAD, id 12)
[    27.182] (**) Option "AccelerationScheme" "none"
[    27.182] (**) SynPS/2 Synaptics TouchPad: (accel) selected scheme none/0
[    27.182] (**) SynPS/2 Synaptics TouchPad: (accel) acceleration factor: 2.000
[    27.182] (**) SynPS/2 Synaptics TouchPad: (accel) acceleration threshold: 4
[    27.183] (II) event6  - SynPS/2 Synaptics TouchPad: is tagged by udev as: Touchpad
[    27.183] (II) event6  - SynPS/2 Synaptics TouchPad: device is a touchpad
[    27.183] (II) config/udev: Adding input device SynPS/2 Synaptics TouchPad (/dev/input/mouse1)
[    27.183] (II) No input driver specified, ignoring this device.
[    27.183] (II) This device may have been added with another device file.
[    27.183] (II) config/udev: Adding input device ST LIS3LV02DL Accelerometer (/dev/input/event8)
[    27.184] (II) No input driver specified, ignoring this device.
[    27.184] (II) This device may have been added with another device file.
[    27.184] (II) config/udev: Adding input device ST LIS3LV02DL Accelerometer (/dev/input/js0)
[    27.184] (II) No input driver specified, ignoring this device.
[    27.184] (II) This device may have been added with another device file.
[    27.186] (II) config/udev: Adding input device HP WMI hotkeys (/dev/input/event7)
[    27.186] (**) HP WMI hotkeys: Applying InputClass "libinput keyboard catchall"
[    27.186] (II) Using input driver 'libinput' for 'HP WMI hotkeys'
[    27.186] (II) systemd-logind: got fd for /dev/input/event7 13:71 fd 30 paused 0
[    27.186] (**) HP WMI hotkeys: always reports core events
[    27.186] (**) Option "Device" "/dev/input/event7"
[    27.186] (**) Option "_source" "server/udev"
[    27.187] (II) event7  - HP WMI hotkeys: is tagged by udev as: Keyboard Switch
[    27.187] (II) event7  - HP WMI hotkeys: device is a keyboard
[    27.187] (II) event7  - HP WMI hotkeys: device is a switch device
[    27.187] (II) event7  - HP WMI hotkeys: device removed
[    27.187] (**) Option "config_info" "udev:/sys/devices/virtual/input/input13/event7"
[    27.187] (II) XINPUT: Adding extended input device "HP WMI hotkeys" (type: KEYBOARD, id 13)
[    27.187] (**) Option "xkb_model" "pc105"
[    27.187] (**) Option "xkb_layout" "us"
[    27.188] (II) event7  - HP WMI hotkeys: is tagged by udev as: Keyboard Switch
[    27.188] (II) event7  - HP WMI hotkeys: device is a keyboard
[    27.188] (II) event7  - HP WMI hotkeys: device is a switch device
[    28.634] (II) modeset(0): EDID vendor "CMO", prod id 5223
[    28.634] (II) modeset(0): Printing DDC gathered Modelines:
[    28.634] (II) modeset(0): Modeline "1366x768"x0.0   69.30  1366 1414 1446 1466  768 769 773 788 +hsync -vsync (47.3 kHz eP)
[    28.634] (II) modeset(0): Modeline "1366x768"x0.0   46.21  1366 1414 1446 1466  768 769 773 788 +hsync -vsync (31.5 kHz e)
[    45.417] (II) Axis 0x1 value 1204 is outside expected range [1232, 5091]
See https://wayland.freedesktop.org/libinput/doc/1.10.4//absolute_coordinate_ranges.html for details
