[2019-02-02T05:55:18.334Z] starting `/usr/local/lib/heroku/bin/heroku update --autoupdate` from /usr/local/lib/heroku/bin/run version
waiting until 2019-02-02T06:55:18.313Z to update
waiting until 2019-02-02T06:55:59.756Z to update
waiting until 2019-02-02T06:55:59.756Z to update
waiting until 2019-02-02T06:55:59.756Z to update
waiting until 2019-02-02T06:59:07.481Z to update
waiting until 2019-02-02T06:59:07.481Z to update
waiting until 2019-02-02T06:59:07.481Z to update
waiting until 2019-02-02T06:59:07.481Z to update
waiting until 2019-02-02T06:59:07.481Z to update
waiting until 2019-02-02T06:59:07.481Z to update
waiting until 2019-02-02T06:59:07.481Z to update
waiting until 2019-02-02T06:59:07.481Z to update
waiting until 2019-02-02T06:59:07.481Z to update
waiting until 2019-02-02T06:59:07.481Z to update
waiting until 2019-02-02T06:59:07.481Z to update
waiting until 2019-02-02T06:59:07.481Z to update
waiting until 2019-02-02T06:59:07.481Z to update
waiting until 2019-02-02T06:59:07.481Z to update
waiting until 2019-02-02T06:59:07.481Z to update
waiting until 2019-02-02T06:59:07.481Z to update
waiting until 2019-02-02T06:59:07.481Z to update
waiting until 2019-02-02T06:59:07.481Z to update
waiting until 2019-02-02T06:59:07.481Z to update
waiting until 2019-02-02T06:59:07.481Z to update
waiting until 2019-02-02T06:59:07.481Z to update
waiting until 2019-02-02T06:59:07.481Z to update
waiting until 2019-02-02T06:59:07.481Z to update
waiting until 2019-02-02T06:59:07.481Z to update
waiting until 2019-02-02T06:59:07.481Z to update
waiting until 2019-02-02T06:59:07.481Z to update
waiting until 2019-02-02T06:59:07.481Z to update
waiting until 2019-02-02T06:59:07.481Z to update
waiting until 2019-02-02T06:59:07.481Z to update
waiting until 2019-02-02T06:59:07.481Z to update
waiting until 2019-02-02T06:59:07.481Z to update
waiting until 2019-02-02T06:59:07.481Z to update
waiting until 2019-02-02T06:59:07.481Z to update
waiting until 2019-02-02T06:59:07.481Z to update
waiting until 2019-02-02T06:59:07.481Z to update
waiting until 2019-02-02T06:59:07.481Z to update
waiting until 2019-02-02T06:59:07.481Z to update
waiting until 2019-02-02T06:59:07.481Z to update
waiting until 2019-02-02T06:59:07.481Z to update
waiting until 2019-02-02T06:59:07.481Z to update
waiting until 2019-02-02T06:59:07.481Z to update
waiting until 2019-02-02T06:59:07.481Z to update
waiting until 2019-02-02T06:59:07.481Z to update
waiting until 2019-02-02T06:59:07.481Z to update
waiting until 2019-02-02T06:59:07.481Z to update
waiting until 2019-02-02T06:59:07.481Z to update
waiting until 2019-02-02T06:59:07.481Z to update
waiting until 2019-02-02T06:59:07.481Z to update
waiting until 2019-02-02T06:59:07.481Z to update
waiting until 2019-02-02T06:59:07.481Z to update
waiting until 2019-02-02T06:59:07.481Z to update
waiting until 2019-02-02T06:59:07.481Z to update
waiting until 2019-02-02T06:59:07.481Z to update
waiting until 2019-02-02T06:59:07.481Z to update
waiting until 2019-02-02T06:59:07.481Z to update
waiting until 2019-02-02T06:59:07.481Z to update
waiting until 2019-02-02T06:59:07.481Z to update
waiting until 2019-02-02T06:59:07.481Z to update
waiting until 2019-02-02T06:59:07.481Z to update
waiting until 2019-02-02T06:59:07.481Z to update
time to update
heroku: Updating CLI... already on latest version: 7.19.4
Updating completions...
Updating completions... done
